\BOOKMARK [1][-]{section*.2}{\376\377\000I\000n\000t\000r\000o\000d\000u\000c\000t\000i\000o\000n}{}% 1
\BOOKMARK [1][-]{section.1}{\376\377\000D\000e\000s\000c\000r\000i\000p\000t\000i\000o\000n\000\040\000d\000e\000s\000\040\000j\000e\000u\000x\000\040\000d\000e\000\040\000d\000o\000n\000n\000\351\000e\000s}{}% 2
\BOOKMARK [1][-]{section.2}{\376\377\000A\000n\000a\000l\000y\000s\000e\000\040\000d\000e\000s\000c\000r\000i\000p\000t\000i\000v\000e\000\040\000d\000e\000s\000\040\000s\000\351\000r\000i\000e\000s}{}% 3
\BOOKMARK [2][-]{subsection.2.1}{\376\377\000R\000a\000p\000p\000e\000l\000\040\000s\000u\000r\000\040\000l\000a\000\040\000s\000t\000a\000t\000i\000o\000n\000n\000a\000r\000i\000t\000\351\000\040\000d\000u\000\040\000s\000e\000c\000o\000n\000d\000\040\000o\000r\000d\000r\000e}{section.2}% 4
\BOOKMARK [2][-]{subsection.2.2}{\376\377\000M\000a\000s\000s\000e\000\040\000s\000a\000l\000a\000r\000i\000a\000l\000e\000\040}{section.2}% 5
\BOOKMARK [2][-]{subsection.2.3}{\376\377\000P\000I\000B\000\040}{section.2}% 6
\BOOKMARK [2][-]{subsection.2.4}{\376\377\000S\000M\000I\000C}{section.2}% 7
\BOOKMARK [2][-]{subsection.2.5}{\376\377\000T\000a\000u\000x\000\040\000d\000e\000\040\000c\000h\000\364\000m\000a\000g\000e\000\040\000d\000e\000s\000\040\000f\000e\000m\000m\000e\000s\000\040}{section.2}% 8
\BOOKMARK [2][-]{subsection.2.6}{\376\377\000C\000a\000l\000c\000u\000l\000\040\000d\000e\000s\000\040\000c\000o\000r\000r\000\351\000l\000a\000t\000i\000o\000n\000s}{section.2}% 9
\BOOKMARK [2][-]{subsection.2.7}{\376\377\000D\000\351\000c\000o\000u\000p\000a\000g\000e\000\040\000d\000e\000s\000\040\000s\000\351\000r\000i\000e\000s}{section.2}% 10
\BOOKMARK [2][-]{subsection.2.8}{\376\377\000E\000s\000t\000i\000m\000a\000t\000i\000o\000n\000\040\000d\000e\000\040\000l\000a\000\040\000v\000a\000l\000e\000u\000r\000\040\000m\000a\000n\000q\000u\000a\000n\000t\000e\000\040\000d\000u\000\040\000P\000I\000B}{section.2}% 11
\BOOKMARK [1][-]{section.3}{\376\377\000M\000o\000d\000\351\000l\000i\000s\000a\000t\000i\000o\000n\000\040\000v\000e\000c\000t\000o\000r\000i\000e\000l\000l\000e}{}% 12
\BOOKMARK [2][-]{subsection.3.1}{\376\377\000D\000\351\000f\000i\000n\000i\000t\000i\000o\000n\000\040\000d\000e\000s\000\040\000m\000o\000d\000\350\000l\000e\000s}{section.3}% 13
\BOOKMARK [2][-]{subsection.3.2}{\376\377\000T\000r\000a\000n\000s\000f\000o\000r\000m\000a\000t\000i\000o\000n\000\040\000d\000e\000s\000\040\000s\000\351\000r\000i\000e\000s}{section.3}% 14
\BOOKMARK [2][-]{subsection.3.3}{\376\377\000C\000o\000r\000r\000\351\000l\000a\000t\000i\000o\000n\000\040\000e\000n\000t\000r\000e\000\040\000l\000e\000s\000\040\000v\000a\000r\000i\000a\000b\000l\000e\000s\000\040\000s\000t\000a\000t\000i\000o\000n\000n\000a\000r\000i\000s\000\351\000e\000s}{section.3}% 15
\BOOKMARK [2][-]{subsection.3.4}{\376\377\000M\000i\000s\000e\000\040\000e\000n\000\040\000p\000l\000a\000c\000e\000\040\000d\000e\000\040\000m\000o\000d\000\350\000l\000e\000s\000\040\000V\000A\000R\000\040\000a\000v\000e\000c\000\040\000l\000e\000\040\000p\000a\000c\000k\000a\000g\000e\000\040\000v\000a\000r\000s}{section.3}% 16
\BOOKMARK [2][-]{subsection.3.5}{\376\377\000M\000i\000s\000e\000\040\000e\000n\000\040\000p\000l\000a\000c\000e\000\040\000d\000e\000\040\000m\000o\000d\000\350\000l\000e\000s\000\040\000V\000A\000R\000\040\000a\000v\000e\000c\000\040\000l\000e\000\040\000p\000a\000c\000k\000a\000g\000e\000\040\000M\000T\000S}{section.3}% 17
\BOOKMARK [1][-]{section.4}{\376\377\000C\000o\000n\000s\000t\000r\000u\000c\000t\000i\000o\000n\000\040\000d\000e\000\040\000m\000o\000d\000\350\000l\000e\000s\000\040\000V\000A\000R\000M\000A}{}% 18
\BOOKMARK [2][-]{subsection.4.1}{\376\377\000C\000a\000l\000c\000u\000l\000\040\000d\000e\000s\000\040\000o\000r\000d\000r\000e\000s\000\040\000p\000\040\000e\000t\000\040\000q}{section.4}% 19
\BOOKMARK [2][-]{subsection.4.2}{\376\377\000E\000s\000t\000i\000m\000a\000t\000i\000o\000n\000\040\000d\000u\000\040\000m\000o\000d\000\350\000l\000e}{section.4}% 20
\BOOKMARK [1][-]{section.5}{\376\377\000P\000r\000\351\000v\000i\000s\000i\000o\000n\000s\000\040\000s\000u\000r\000\040\000l\000e\000s\000\040\000a\000n\000n\000\351\000e\000s\000\040\000s\000u\000i\000v\000a\000n\000t\000e\000s}{}% 21
\BOOKMARK [1][-]{section*.3}{\376\377\000C\000o\000n\000c\000l\000u\000s\000i\000o\000n}{}% 22
\BOOKMARK [1][-]{appendix.A}{\376\377\000A\000n\000n\000e\000x\000e\000\040\0001\000\040\000:\000\040\000M\000o\000d\000\351\000l\000i\000s\000a\000t\000i\000o\000n\000\040\000u\000n\000i\000v\000a\000r\000i\000\351\000e\000\040\000d\000e\000s\000\040\000s\000\351\000r\000i\000e\000s\000\040}{}% 23
\BOOKMARK [2][-]{subsection.A.1}{\376\377\000C\000o\000m\000p\000a\000r\000a\000i\000s\000o\000n\000\040\000d\000e\000s\000\040\000d\000i\000f\000f\000\351\000r\000e\000n\000t\000s\000\040\000m\000o\000d\000\350\000l\000e\000s}{appendix.A}% 24
\BOOKMARK [2][-]{subsection.A.2}{\376\377\000L\000i\000s\000s\000a\000g\000e\000\040\000e\000x\000p\000o\000n\000e\000n\000t\000i\000e\000l}{appendix.A}% 25
\BOOKMARK [2][-]{subsection.A.3}{\376\377\000M\000o\000d\000\350\000l\000e\000s\000\040\000A\000R\000M\000A}{appendix.A}% 26
\BOOKMARK [2][-]{subsection.A.4}{\376\377\000C\000o\000m\000p\000a\000r\000a\000i\000s\000o\000n\000\040\000d\000e\000s\000\040\000d\000i\000f\000f\000\351\000r\000e\000n\000t\000s\000\040\000m\000o\000d\000\350\000l\000e\000s}{appendix.A}% 27
\BOOKMARK [1][-]{appendix.B}{\376\377\000A\000n\000n\000e\000x\000e\000\040\0002\000\040\000:\000\040\000M\000o\000d\000\351\000l\000i\000s\000a\000t\000i\000o\000n\000\040\000A\000R\000M\000A\000\040\000a\000v\000e\000c\000\040\000v\000a\000r\000i\000a\000b\000l\000e\000s\000\040\000e\000x\000o\000g\000\350\000n\000e\000s\000\040}{}% 28
\BOOKMARK [2][-]{subsection.B.1}{\376\377\000D\000\351\000f\000i\000n\000i\000t\000i\000o\000n}{appendix.B}% 29
\BOOKMARK [2][-]{subsection.B.2}{\376\377\000R\000\351\000s\000u\000l\000t\000a\000t\000s\000\040\000o\000b\000t\000e\000n\000u\000s}{appendix.B}% 30
\BOOKMARK [1][-]{appendix.C}{\376\377\000A\000n\000n\000e\000x\000e\000\040\0003\000\040\000:\000\040\000E\000r\000r\000e\000u\000r\000s\000\040\000s\000t\000a\000n\000d\000a\000r\000d\000\040\000a\000s\000s\000o\000c\000i\000\351\000e\000s\000\040\000a\000u\000x\000\040\000c\000o\000e\000f\000f\000i\000c\000i\000e\000n\000t\000s\000\040\000d\000u\000\040\000m\000o\000d\000\350\000l\000e\000\040\000V\000A\000R\000\040\000d\000'\000o\000r\000d\000r\000e\000\040\0004\000\040}{}% 31
\BOOKMARK [1][-]{appendix.D}{\376\377\000A\000n\000n\000e\000x\000e\000\040\0004\000\040\000:\000\040\000R\000\351\000s\000u\000l\000t\000a\000t\000s\000\040\000o\000b\000t\000e\000n\000u\000s\000\040\000p\000o\000u\000r\000\040\000u\000n\000\040\000m\000o\000d\000\350\000l\000e\000\040\000V\000A\000R\000\040\000d\000'\000o\000r\000d\000r\000e\000\040\0003\000\040\000p\000o\000u\000r\000\040\000l\000e\000\040\000m\000o\000d\000\350\000l\000e\000\040\000c\000o\000m\000p\000l\000e\000t\000\040\000a\000v\000e\000c\000\040\000l\000e\000\040\000p\000a\000c\000k\000a\000g\000e\000\040\000M\000T\000S\000\040}{}% 32
\BOOKMARK [1][-]{appendix.E}{\376\377\000A\000n\000n\000e\000x\000e\000\040\0005\000\040\000:\000\040\000R\000\351\000s\000u\000l\000t\000a\000t\000s\000\040\000o\000b\000t\000e\000n\000u\000s\000\040\000p\000o\000u\000r\000\040\000u\000n\000\040\000m\000o\000d\000\350\000l\000e\000\040\000V\000A\000R\000\040\000d\000'\000o\000r\000d\000r\000e\000\040\0002\000\040\000p\000o\000u\000r\000\040\000l\000e\000\040\000m\000o\000d\000\350\000l\000e\000\040\000c\000o\000m\000p\000l\000e\000t\000\040\000a\000v\000e\000c\000\040\000l\000e\000\040\000p\000a\000c\000k\000a\000g\000e\000\040\000M\000T\000S\000\040}{}% 33
\BOOKMARK [1][-]{appendix.F}{\376\377\000A\000n\000n\000e\000x\000e\000\040\0006\000\040\000:\000\040\000R\000\351\000s\000u\000l\000t\000a\000t\000s\000\040\000o\000b\000t\000e\000n\000u\000s\000\040\000p\000o\000u\000r\000\040\000u\000n\000\040\000m\000o\000d\000\350\000l\000e\000\040\000V\000A\000R\000M\000A\000\050\0003\000,\0001\000\051\000\040\000p\000o\000u\000r\000\040\000l\000e\000\040\000m\000o\000d\000\350\000l\000e\000\040\000c\000o\000m\000p\000l\000e\000t\000\040}{}% 34
\BOOKMARK [1][-]{appendix.G}{\376\377\000A\000n\000n\000e\000x\000e\000\040\0007\000\040\000:\000\040\000C\000o\000d\000e\000\040\000R\000\040\000d\000u\000\040\000p\000r\000o\000j\000e\000t}{}% 35
\BOOKMARK [1][-]{section*.4}{\376\377\000R\000e\000f\000e\000r\000e\000n\000c\000e\000s}{}% 36
